\BOOKMARK [1][-]{section.1}{\376\377\000I\000n\000t\000r\000o\000d\000u\000c\000t\000i\000o\000n}{}% 1
\BOOKMARK [1][-]{section.2}{\376\377\000G\000o\000m\000o\000c\000u\000p\000\040\000P\000r\000o\000t\000o\000c\000o\000l}{}% 2
\BOOKMARK [2][-]{subsection.2.1}{\376\377\000S\000T\000A\000R\000T\000\040\000[\000s\000i\000z\000e\000]}{section.2}% 3
\BOOKMARK [2][-]{subsection.2.2}{\376\377\000T\000U\000R\000N\000\040\000[\000C\000]\000,\000[\000R\000]}{section.2}% 4
\BOOKMARK [2][-]{subsection.2.3}{\376\377\000B\000E\000G\000I\000N}{section.2}% 5
\BOOKMARK [2][-]{subsection.2.4}{\376\377\000B\000O\000A\000R\000D}{section.2}% 6
\BOOKMARK [2][-]{subsection.2.5}{\376\377\000I\000N\000F\000O\000\040\000[\000k\000e\000y\000]\000\040\000[\000v\000a\000l\000u\000e\000]}{section.2}% 7
\BOOKMARK [3][-]{subsubsection.2.5.1}{\376\377\000I\000N\000F\000O\000\040\000t\000i\000m\000e\000o\000u\000t\000\137\000t\000u\000r\000n\000\040\000[\000x\000]}{subsection.2.5}% 8
\BOOKMARK [3][-]{subsubsection.2.5.2}{\376\377\000I\000N\000F\000O\000\040\000t\000i\000m\000e\000o\000u\000t\000\137\000m\000a\000t\000c\000h\000\040\000[\000x\000]}{subsection.2.5}% 9
\BOOKMARK [3][-]{subsubsection.2.5.3}{\376\377\000I\000N\000F\000O\000\040\000t\000i\000m\000e\000\137\000l\000e\000f\000t\000\040\000[\000x\000]}{subsection.2.5}% 10
\BOOKMARK [3][-]{subsubsection.2.5.4}{\376\377\000I\000N\000F\000O\000\040\000m\000a\000x\000\137\000m\000e\000m\000o\000r\000y\000\040\000[\000x\000]}{subsection.2.5}% 11
\BOOKMARK [3][-]{subsubsection.2.5.5}{\376\377\000I\000N\000F\000O\000\040\000g\000a\000m\000e\000\137\000t\000y\000p\000e\000\040\000[\000x\000]}{subsection.2.5}% 12
\BOOKMARK [3][-]{subsubsection.2.5.6}{\376\377\000I\000N\000F\000O\000\040\000r\000u\000l\000e\000\040\000[\000x\000]}{subsection.2.5}% 13
\BOOKMARK [3][-]{subsubsection.2.5.7}{\376\377\000I\000N\000F\000O\000\040\000e\000v\000a\000l\000u\000a\000t\000e\000\040\000[\000C\000]\000,\000[\000R\000]}{subsection.2.5}% 14
\BOOKMARK [3][-]{subsubsection.2.5.8}{\376\377\000I\000N\000F\000O\000\040\000f\000o\000l\000d\000e\000r\000\040\000[\000x\000]}{subsection.2.5}% 15
\BOOKMARK [3][-]{subsubsection.2.5.9}{\376\377\000D\000e\000f\000a\000u\000l\000t\000\040\000v\000a\000l\000u\000e\000s}{subsection.2.5}% 16
\BOOKMARK [2][-]{subsection.2.6}{\376\377\000E\000N\000D}{section.2}% 17
\BOOKMARK [2][-]{subsection.2.7}{\376\377\000A\000B\000O\000U\000T}{section.2}% 18
\BOOKMARK [2][-]{subsection.2.8}{\376\377\000R\000E\000C\000T\000S\000T\000A\000R\000T\000\040\000[\000w\000i\000d\000t\000h\000]\000,\000[\000h\000e\000i\000g\000h\000t\000]}{section.2}% 19
\BOOKMARK [2][-]{subsection.2.9}{\376\377\000R\000E\000S\000T\000A\000R\000T}{section.2}% 20
\BOOKMARK [2][-]{subsection.2.10}{\376\377\000T\000A\000K\000E\000B\000A\000C\000K\000\040\000[\000C\000]\000,\000[\000R\000]}{section.2}% 21
\BOOKMARK [2][-]{subsection.2.11}{\376\377\000U\000N\000K\000N\000O\000W\000N\000\040\000[\000e\000r\000r\000o\000r\000\040\000m\000e\000s\000s\000a\000g\000e\000]}{section.2}% 22
\BOOKMARK [2][-]{subsection.2.12}{\376\377\000E\000R\000R\000O\000R\000\040\000[\000e\000r\000r\000o\000r\000\040\000m\000e\000s\000s\000a\000g\000e\000]}{section.2}% 23
\BOOKMARK [2][-]{subsection.2.13}{\376\377\000M\000E\000S\000S\000A\000G\000E\000\040\000[\000m\000e\000s\000s\000a\000g\000e\000]}{section.2}% 24
\BOOKMARK [2][-]{subsection.2.14}{\376\377\000D\000E\000B\000U\000G\000\040\000[\000m\000e\000s\000s\000a\000g\000e\000]}{section.2}% 25
\BOOKMARK [1][-]{section.3}{\376\377\000E\000x\000t\000e\000n\000d\000e\000d\000\040\000G\000o\000m\000o\000c\000u\000p\000\040\000P\000r\000o\000t\000o\000c\000o\000l}{}% 26
\BOOKMARK [2][-]{subsection.3.1}{\376\377\000S\000U\000G\000G\000E\000S\000T\000\040\000[\000C\000]\000,\000[\000R\000]}{section.3}% 27
\BOOKMARK [2][-]{subsection.3.2}{\376\377\000P\000L\000A\000Y\000\040\000[\000C\000]\000,\000[\000R\000]}{section.3}% 28
\BOOKMARK [2][-]{subsection.3.3}{\376\377\000A\000d\000d\000i\000t\000i\000o\000n\000a\000l\000\040\000I\000N\000F\000O\000\040\000k\000e\000y\000s}{section.3}% 29
\BOOKMARK [3][-]{subsubsection.3.3.1}{\376\377\000I\000N\000F\000O\000\040\000e\000v\000a\000l\000u\000a\000t\000e\000\040\000[\000C\0001\000]\000,\000[\000R\0001\000]\000\040\000[\000C\0002\000]\000,\000[\000R\0002\000]\000\040\000.\000.\000.}{subsection.3.3}% 30
\BOOKMARK [3][-]{subsubsection.3.3.2}{\376\377\000I\000N\000F\000O\000\040\000r\000u\000l\000e\000\040\000[\000x\000]}{subsection.3.3}% 31
\BOOKMARK [3][-]{subsubsection.3.3.3}{\376\377\000I\000N\000F\000O\000\040\000a\000n\000a\000l\000y\000s\000i\000s\000\137\000m\000o\000d\000e\000\040\000[\000x\000]}{subsection.3.3}% 32
\BOOKMARK [3][-]{subsubsection.3.3.4}{\376\377\000I\000N\000F\000O\000\040\000m\000a\000x\000\137\000d\000e\000p\000t\000h\000\040\000[\000x\000]}{subsection.3.3}% 33
\BOOKMARK [3][-]{subsubsection.3.3.5}{\376\377\000I\000N\000F\000O\000\040\000m\000a\000x\000\137\000n\000o\000d\000e\000\040\000[\000x\000]}{subsection.3.3}% 34
\BOOKMARK [3][-]{subsubsection.3.3.6}{\376\377\000I\000N\000F\000O\000\040\000t\000i\000m\000e\000\137\000i\000n\000c\000r\000e\000m\000e\000n\000t\000\040\000[\000x\000]}{subsection.3.3}% 35
\BOOKMARK [3][-]{subsubsection.3.3.7}{\376\377\000I\000N\000F\000O\000\040\000s\000t\000y\000l\000e\000\040\000[\000x\000]}{subsection.3.3}% 36
\BOOKMARK [3][-]{subsubsection.3.3.8}{\376\377\000I\000N\000F\000O\000\040\000a\000u\000t\000o\000\137\000p\000o\000n\000d\000e\000r\000i\000n\000g\000\040\000[\000x\000]}{subsection.3.3}% 37
\BOOKMARK [3][-]{subsubsection.3.3.9}{\376\377\000I\000N\000F\000O\000\040\000p\000r\000o\000t\000o\000c\000o\000l\000\137\000l\000a\000g\000\040\000[\000x\000]}{subsection.3.3}% 38
\BOOKMARK [3][-]{subsubsection.3.3.10}{\376\377\000I\000N\000F\000O\000\040\000t\000h\000r\000e\000a\000d\000\137\000n\000u\000m\000\040\000[\000x\000]}{subsection.3.3}% 39
\BOOKMARK [3][-]{subsubsection.3.3.11}{\376\377\000D\000e\000f\000a\000u\000l\000t\000\040\000v\000a\000l\000u\000e\000s}{subsection.3.3}% 40
\BOOKMARK [2][-]{subsection.3.4}{\376\377\000P\000O\000N\000D\000E\000R\000\040\000[\000v\000a\000l\000u\000e\000]}{section.3}% 41
\BOOKMARK [2][-]{subsection.3.5}{\376\377\000S\000T\000O\000P}{section.3}% 42
\BOOKMARK [2][-]{subsection.3.6}{\376\377\000B\000A\000L\000A\000N\000C\000E\000\040\000[\000n\000]}{section.3}% 43
\BOOKMARK [2][-]{subsection.3.7}{\376\377\000S\000H\000O\000W\000F\000O\000R\000B\000I\000D}{section.3}% 44
\BOOKMARK [2][-]{subsection.3.8}{\376\377\000C\000L\000E\000A\000R\000H\000A\000S\000H}{section.3}% 45
\BOOKMARK [2][-]{subsection.3.9}{\376\377\000P\000R\000O\000T\000O\000C\000O\000L\000V\000E\000R\000S\000I\000O\000N}{section.3}% 46
\BOOKMARK [2][-]{subsection.3.10}{\376\377\000S\000W\000A\000P\0001\000S\000T\000B\000O\000A\000R\000D}{section.3}% 47
\BOOKMARK [3][-]{subsubsection.3.10.1}{\376\377\000C\000a\000s\000e\000\040\0001}{subsection.3.10}% 48
\BOOKMARK [3][-]{subsubsection.3.10.2}{\376\377\000C\000a\000s\000e\000\040\0002}{subsection.3.10}% 49
\BOOKMARK [2][-]{subsection.3.11}{\376\377\000S\000W\000A\000P\000B\000O\000A\000R\000D}{section.3}% 50
\BOOKMARK [3][-]{subsubsection.3.11.1}{\376\377\000C\000a\000s\000e\000\040\0001}{subsection.3.11}% 51
\BOOKMARK [3][-]{subsubsection.3.11.2}{\376\377\000C\000a\000s\000e\000\040\0002}{subsection.3.11}% 52
\BOOKMARK [2][-]{subsection.3.12}{\376\377\000S\000W\000A\000P\0002\000B\000O\000A\000R\000D}{section.3}% 53
\BOOKMARK [3][-]{subsubsection.3.12.1}{\376\377\000C\000a\000s\000e\000\040\0001}{subsection.3.12}% 54
\BOOKMARK [3][-]{subsubsection.3.12.2}{\376\377\000C\000a\000s\000e\000\040\0002}{subsection.3.12}% 55
\BOOKMARK [3][-]{subsubsection.3.12.3}{\376\377\000C\000a\000s\000e\000\040\0003}{subsection.3.12}% 56
\BOOKMARK [2][-]{subsection.3.13}{\376\377\000S\000W\000A\000P\0005}{section.3}% 57
\BOOKMARK [3][-]{subsubsection.3.13.1}{\376\377\000S\000W\000A\000P\0005\000S\000T\000E\000P\0001}{subsection.3.13}% 58
\BOOKMARK [3][-]{subsubsection.3.13.2}{\376\377\000S\000W\000A\000P\0005\000S\000T\000E\000P\0002}{subsection.3.13}% 59
\BOOKMARK [3][-]{subsubsection.3.13.3}{\376\377\000S\000W\000A\000P\0005\000S\000T\000E\000P\0003}{subsection.3.13}% 60
\BOOKMARK [2][-]{subsection.3.14}{\376\377\000P\000R\000O\000B\000O\000A\000R\000D}{section.3}% 61
\BOOKMARK [3][-]{subsubsection.3.14.1}{\376\377\000C\000a\000s\000e\000\040\0001}{subsection.3.14}% 62
\BOOKMARK [3][-]{subsubsection.3.14.2}{\376\377\000C\000a\000s\000e\000\040\0002}{subsection.3.14}% 63
\BOOKMARK [3][-]{subsubsection.3.14.3}{\376\377\000C\000a\000s\000e\000\040\0003}{subsection.3.14}% 64
\BOOKMARK [2][-]{subsection.3.15}{\376\377\000L\000O\000N\000G\000P\000R\000O\000B\000O\000A\000R\000D}{section.3}% 65
\BOOKMARK [2][-]{subsection.3.16}{\376\377\000R\000I\000F}{section.3}% 66
\BOOKMARK [3][-]{subsubsection.3.16.1}{\376\377\000R\000I\000F\000S\000T\000E\000P\0001}{subsection.3.16}% 67
\BOOKMARK [3][-]{subsubsection.3.16.2}{\376\377\000R\000I\000F\000S\000T\000E\000P\0002}{subsection.3.16}% 68
\BOOKMARK [3][-]{subsubsection.3.16.3}{\376\377\000R\000I\000F\000S\000T\000E\000P\0003}{subsection.3.16}% 69
\BOOKMARK [3][-]{subsubsection.3.16.4}{\376\377\000R\000I\000F\000S\000T\000E\000P\0004}{subsection.3.16}% 70
\BOOKMARK [3][-]{subsubsection.3.16.5}{\376\377\000R\000I\000F\000S\000T\000E\000P\0005}{subsection.3.16}% 71
\BOOKMARK [2][-]{subsection.3.17}{\376\377\000Y\000A\000M\000A\000G\000U\000C\000H\000I}{section.3}% 72
\BOOKMARK [3][-]{subsubsection.3.17.1}{\376\377\000Y\000A\000M\000A\000G\000U\000C\000H\000I\000S\000T\000E\000P\0001}{subsection.3.17}% 73
\BOOKMARK [3][-]{subsubsection.3.17.2}{\376\377\000Y\000A\000M\000A\000G\000U\000C\000H\000I\000S\000T\000E\000P\0002}{subsection.3.17}% 74
\BOOKMARK [3][-]{subsubsection.3.17.3}{\376\377\000Y\000A\000M\000A\000G\000U\000C\000H\000I\000S\000T\000E\000P\0003}{subsection.3.17}% 75
\BOOKMARK [3][-]{subsubsection.3.17.4}{\376\377\000Y\000A\000M\000A\000G\000U\000C\000H\000I\000S\000T\000E\000P\0004}{subsection.3.17}% 76
\BOOKMARK [3][-]{subsubsection.3.17.5}{\376\377\000Y\000A\000M\000A\000G\000U\000C\000H\000I\000S\000T\000E\000P\0005}{subsection.3.17}% 77
\BOOKMARK [2][-]{subsection.3.18}{\376\377\000S\000O\000O\000S\000Y\000R\000V}{section.3}% 78
\BOOKMARK [3][-]{subsubsection.3.18.1}{\376\377\000S\000O\000O\000S\000Y\000R\000V\000S\000T\000E\000P\0001}{subsection.3.18}% 79
\BOOKMARK [3][-]{subsubsection.3.18.2}{\376\377\000S\000O\000O\000S\000Y\000R\000V\000S\000T\000E\000P\0002}{subsection.3.18}% 80
\BOOKMARK [3][-]{subsubsection.3.18.3}{\376\377\000S\000O\000O\000S\000Y\000R\000V\000S\000T\000E\000P\0003}{subsection.3.18}% 81
\BOOKMARK [3][-]{subsubsection.3.18.4}{\376\377\000S\000O\000O\000S\000Y\000R\000V\000S\000T\000E\000P\0004}{subsection.3.18}% 82
\BOOKMARK [3][-]{subsubsection.3.18.5}{\376\377\000S\000O\000O\000S\000Y\000R\000V\000S\000T\000E\000P\0005}{subsection.3.18}% 83
\BOOKMARK [3][-]{subsubsection.3.18.6}{\376\377\000S\000O\000O\000S\000Y\000R\000V\000S\000T\000E\000P\0006}{subsection.3.18}% 84
\BOOKMARK [2][-]{subsection.3.19}{\376\377\000T\000A\000R\000A\000G\000U\000C\000H\000I}{section.3}% 85
\BOOKMARK [3][-]{subsubsection.3.19.1}{\376\377\000T\000A\000R\000A\000G\000U\000C\000H\000I\000S\000T\000E\000P\0001}{subsection.3.19}% 86
\BOOKMARK [3][-]{subsubsection.3.19.2}{\376\377\000T\000A\000R\000A\000G\000U\000C\000H\000I\000S\000T\000E\000P\0002}{subsection.3.19}% 87
\BOOKMARK [3][-]{subsubsection.3.19.3}{\376\377\000T\000A\000R\000A\000G\000U\000C\000H\000I\000S\000T\000E\000P\0003}{subsection.3.19}% 88
\BOOKMARK [3][-]{subsubsection.3.19.4}{\376\377\000T\000A\000R\000A\000G\000U\000C\000H\000I\000S\000T\000E\000P\0004}{subsection.3.19}% 89
\BOOKMARK [2][-]{subsection.3.20}{\376\377\000S\000A\000K\000A\000T\000A}{section.3}% 90
\BOOKMARK [3][-]{subsubsection.3.20.1}{\376\377\000S\000A\000K\000A\000T\000A\000S\000T\000E\000P\0001}{subsection.3.20}% 91
\BOOKMARK [3][-]{subsubsection.3.20.2}{\376\377\000S\000A\000K\000A\000T\000A\000S\000T\000E\000P\0002}{subsection.3.20}% 92
\BOOKMARK [3][-]{subsubsection.3.20.3}{\376\377\000S\000A\000K\000A\000T\000A\000S\000T\000E\000P\0003}{subsection.3.20}% 93
\BOOKMARK [2][-]{subsection.3.21}{\376\377\000T\000A\000R\000A\000N\000N\000I\000K\000O\000V}{section.3}% 94
\BOOKMARK [3][-]{subsubsection.3.21.1}{\376\377\000T\000A\000R\000A\000N\000N\000I\000K\000O\000V\000S\000T\000E\000P\0001}{subsection.3.21}% 95
\BOOKMARK [3][-]{subsubsection.3.21.2}{\376\377\000T\000A\000R\000A\000N\000N\000I\000K\000O\000V\000S\000T\000E\000P\0002}{subsection.3.21}% 96
\BOOKMARK [2][-]{subsection.3.22}{\376\377\000L\000I\000A\000N\000H\000U\000A\000N}{section.3}% 97
\BOOKMARK [3][-]{subsubsection.3.22.1}{\376\377\000L\000I\000A\000N\000H\000U\000A\000N\000S\000T\000E\000P\0001}{subsection.3.22}% 98
\BOOKMARK [3][-]{subsubsection.3.22.2}{\376\377\000L\000I\000A\000N\000H\000U\000A\000N\000S\000T\000E\000P\0002}{subsection.3.22}% 99
\BOOKMARK [1][-]{section.4}{\376\377\000Y\000i\000x\000i\000n\000B\000o\000a\000r\000d\000\040\000P\000r\000o\000t\000o\000c\000o\000l}{}% 100
\BOOKMARK [2][-]{subsection.4.1}{\376\377\000s\000t\000a\000r\000t\000\040\000[\000x\000]\000\040\000o\000r\000\040\000s\000t\000a\000r\000t\000\040\000[\000C\000]\000,\000[\000R\000]}{section.4}% 101
\BOOKMARK [2][-]{subsection.4.2}{\376\377\000y\000x\000b\000o\000a\000r\000d}{section.4}% 102
\BOOKMARK [2][-]{subsection.4.3}{\376\377\000A\000d\000d\000i\000t\000i\000o\000n\000a\000l\000\040\000I\000N\000F\000O\000\040\000k\000e\000y\000s}{section.4}% 103
\BOOKMARK [3][-]{subsubsection.4.3.1}{\376\377\000I\000N\000F\000O\000\040\000r\000u\000l\000e\000\040\000[\000x\000]}{subsection.4.3}% 104
\BOOKMARK [3][-]{subsubsection.4.3.2}{\376\377\000I\000N\000F\000O\000\040\000u\000s\000e\000d\000a\000t\000a\000b\000a\000s\000e\000\040\000[\000x\000]}{subsection.4.3}% 105
\BOOKMARK [3][-]{subsubsection.4.3.3}{\376\377\000I\000N\000F\000O\000\040\000m\000a\000x\000\137\000d\000e\000p\000t\000h\000\040\000[\000x\000]}{subsection.4.3}% 106
\BOOKMARK [3][-]{subsubsection.4.3.4}{\376\377\000I\000N\000F\000O\000\040\000m\000a\000x\000\137\000n\000o\000d\000e\000\040\000[\000x\000]}{subsection.4.3}% 107
\BOOKMARK [3][-]{subsubsection.4.3.5}{\376\377\000I\000N\000F\000O\000\040\000t\000i\000m\000e\000\137\000i\000n\000c\000r\000e\000m\000e\000n\000t\000\040\000[\000x\000]}{subsection.4.3}% 108
\BOOKMARK [3][-]{subsubsection.4.3.6}{\376\377\000I\000N\000F\000O\000\040\000c\000a\000u\000t\000i\000o\000n\000\137\000f\000a\000c\000t\000o\000r\000\040\000[\000x\000]}{subsection.4.3}% 109
\BOOKMARK [3][-]{subsubsection.4.3.7}{\376\377\000I\000N\000F\000O\000\040\000p\000o\000n\000d\000e\000r\000i\000n\000g\000\040\000[\000x\000]}{subsection.4.3}% 110
\BOOKMARK [3][-]{subsubsection.4.3.8}{\376\377\000I\000N\000F\000O\000\040\000n\000b\000e\000s\000t\000\137\000s\000y\000m\000\040\000[\000x\000]}{subsection.4.3}% 111
\BOOKMARK [3][-]{subsubsection.4.3.9}{\376\377\000I\000N\000F\000O\000\040\000c\000h\000e\000c\000k\000m\000a\000t\000e\000\040\000[\000x\000]}{subsection.4.3}% 112
\BOOKMARK [3][-]{subsubsection.4.3.10}{\376\377\000I\000N\000F\000O\000\040\000t\000h\000r\000e\000a\000d\000\137\000n\000u\000m\000\040\000[\000x\000]}{subsection.4.3}% 113
\BOOKMARK [3][-]{subsubsection.4.3.11}{\376\377\000D\000e\000f\000a\000u\000l\000t\000\040\000v\000a\000l\000u\000e\000s}{subsection.4.3}% 114
\BOOKMARK [2][-]{subsection.4.4}{\376\377\000y\000x\000h\000a\000s\000h\000c\000l\000e\000a\000r}{section.4}% 115
\BOOKMARK [2][-]{subsection.4.5}{\376\377\000y\000x\000h\000a\000s\000h\000d\000u\000m\000p}{section.4}% 116
\BOOKMARK [2][-]{subsection.4.6}{\376\377\000y\000x\000h\000a\000s\000h\000l\000o\000a\000d}{section.4}% 117
\BOOKMARK [2][-]{subsection.4.7}{\376\377\000y\000x\000s\000h\000o\000w\000h\000a\000s\000h\000u\000s\000a\000g\000e}{section.4}% 118
