\BOOKMARK [1][-]{section.1}{\376\377\000U\000p\000d\000a\000t\000e\000s}{}% 1
\BOOKMARK [1][-]{section.2}{\376\377\000W\000h\000a\000t\000'\000s\000\040\000i\000n\000s\000i\000d\000e\000\040\000t\000h\000e\000\040\000p\000a\000c\000k\000a\000g\000e\000?}{}% 2
\BOOKMARK [2][-]{subsection.2.1}{\376\377\000F\000o\000l\000d\000e\000r\000\040\000'\000l\000o\000g\000s\000'}{section.2}% 3
\BOOKMARK [2][-]{subsection.2.2}{\376\377\000F\000o\000l\000d\000e\000r\000\040\000'\000n\000e\000t\000w\000o\000r\000k\000s\000'}{section.2}% 4
\BOOKMARK [2][-]{subsection.2.3}{\376\377\000F\000i\000l\000e\000\040\000'\000c\000o\000n\000f\000i\000g\000.\000j\000s\000o\000n\000'}{section.2}% 5
\BOOKMARK [2][-]{subsection.2.4}{\376\377\000E\000x\000e\000c\000u\000t\000a\000b\000l\000e\000\040\000'\000p\000b\000r\000a\000i\000n\000-\000A\000l\000p\000h\000a\000G\000o\000m\000o\000k\000u\000.\000e\000x\000e\000'}{section.2}% 6
\BOOKMARK [2][-]{subsection.2.5}{\376\377\000E\000x\000e\000c\000u\000t\000a\000b\000l\000e\000\040\000'\000p\000b\000r\000a\000i\000n\000-\000A\000l\000p\000h\000a\000G\000o\000m\000o\000k\000u\000\137\000c\000u\000d\000a\000.\000e\000x\000e\000'}{section.2}% 7
\BOOKMARK [2][-]{subsection.2.6}{\376\377\000E\000x\000e\000c\000u\000t\000a\000b\000l\000e\000\040\000'\000p\000b\000r\000a\000i\000n\000-\000A\000l\000p\000h\000a\000G\000o\000m\000o\000k\000u\000\137\000o\000p\000e\000n\000c\000l\000.\000e\000x\000e\000'}{section.2}% 8
\BOOKMARK [2][-]{subsection.2.7}{\376\377\000F\000i\000l\000e\000\040\000'\000u\000s\000e\000r\000\137\000m\000a\000n\000u\000a\000l\000.\000p\000d\000f\000'}{section.2}% 9
\BOOKMARK [2][-]{subsection.2.8}{\376\377\000F\000i\000l\000e\000\040\000'\000p\000r\000o\000t\000o\000c\000o\000l\000s\000.\000p\000d\000f\000'}{section.2}% 10
\BOOKMARK [2][-]{subsection.2.9}{\376\377\000F\000i\000l\000e\000\040\000'\000s\000w\000a\000p\0002\000\137\000o\000p\000e\000n\000i\000n\000g\000s\000.\000j\000s\000o\000n\000'}{section.2}% 11
\BOOKMARK [2][-]{subsection.2.10}{\376\377\000A\000\040\000c\000o\000u\000p\000l\000e\000\040\000o\000f\000\040\000l\000i\000b\000r\000a\000r\000i\000e\000s}{section.2}% 12
\BOOKMARK [1][-]{section.3}{\376\377\000M\000a\000n\000u\000a\000l\000\040\000c\000o\000n\000f\000i\000g\000u\000r\000a\000t\000i\000n\000g}{}% 13
\BOOKMARK [2][-]{subsection.3.1}{\376\377\000v\000e\000r\000s\000i\000o\000n}{section.3}% 14
\BOOKMARK [2][-]{subsection.3.2}{\376\377\000p\000r\000o\000t\000o\000c\000o\000l}{section.3}% 15
\BOOKMARK [2][-]{subsection.3.3}{\376\377\000u\000s\000e\000\137\000l\000o\000g\000g\000i\000n\000g}{section.3}% 16
\BOOKMARK [2][-]{subsection.3.4}{\376\377\000a\000l\000w\000a\000y\000s\000\137\000p\000o\000n\000d\000e\000r}{section.3}% 17
\BOOKMARK [2][-]{subsection.3.5}{\376\377\000s\000w\000a\000p\0002\000\137\000o\000p\000e\000n\000i\000n\000g\000s\000\137\000f\000i\000l\000e}{section.3}% 18
\BOOKMARK [2][-]{subsection.3.6}{\376\377\000c\000o\000n\000v\000\137\000n\000e\000t\000w\000o\000r\000k\000s}{section.3}% 19
\BOOKMARK [2][-]{subsection.3.7}{\376\377\000n\000n\000u\000e\000\137\000n\000e\000t\000w\000o\000r\000k\000s}{section.3}% 20
\BOOKMARK [2][-]{subsection.3.8}{\376\377\000u\000s\000e\000\137\000s\000y\000m\000m\000e\000t\000r\000i\000e\000s}{section.3}% 21
\BOOKMARK [2][-]{subsection.3.9}{\376\377\000s\000e\000a\000r\000c\000h\000\137\000t\000h\000r\000e\000a\000d\000s}{section.3}% 22
\BOOKMARK [2][-]{subsection.3.10}{\376\377\000d\000e\000v\000i\000c\000e\000s}{section.3}% 23
\BOOKMARK [3][-]{subsubsection.3.10.1}{\376\377\000D\000e\000c\000i\000d\000e\000\040\000w\000h\000i\000c\000h\000\040\000A\000G\000\040\000v\000a\000r\000i\000a\000n\000t\000\040\000t\000o\000\040\000u\000s\000e\000?}{subsection.3.10}% 24
\BOOKMARK [3][-]{subsubsection.3.10.2}{\376\377\000F\000i\000n\000d\000\040\000a\000v\000a\000i\000l\000a\000b\000l\000e\000\040\000d\000e\000v\000i\000c\000e\000s}{subsection.3.10}% 25
\BOOKMARK [3][-]{subsubsection.3.10.3}{\376\377\000H\000o\000w\000\040\000m\000a\000n\000y\000\040\000t\000h\000r\000e\000a\000d\000s\000\040\000y\000o\000u\000\040\000w\000a\000n\000t\000\040\000t\000o\000\040\000u\000s\000e\000?}{subsection.3.10}% 26
\BOOKMARK [2][-]{subsection.3.11}{\376\377\000s\000e\000a\000r\000c\000h\000\137\000c\000o\000n\000f\000i\000g}{section.3}% 27
\BOOKMARK [2][-]{subsection.3.12}{\376\377\000m\000c\000t\000s\000\137\000c\000o\000n\000f\000i\000g}{section.3}% 28
\BOOKMARK [1][-]{section.4}{\376\377\000R\000e\000a\000d\000i\000n\000g\000\040\000l\000o\000g\000f\000i\000l\000e\000s}{}% 29
\BOOKMARK [2][-]{subsection.4.1}{\376\377\000F\000i\000r\000s\000t\000\040\000s\000e\000c\000t\000i\000o\000n\000\040\000-\000\040\000b\000e\000s\000t\000\040\000m\000o\000v\000e\000s}{section.4}% 30
\BOOKMARK [2][-]{subsection.4.2}{\376\377\000S\000e\000c\000o\000n\000d\000\040\000s\000e\000c\000t\000i\000o\000n\000\040\000-\000\040\000d\000i\000s\000t\000r\000i\000b\000u\000t\000i\000o\000n\000\040\000o\000f\000\040\000p\000l\000a\000y\000o\000u\000t\000s}{section.4}% 31
\BOOKMARK [2][-]{subsection.4.3}{\376\377\000T\000h\000i\000r\000d\000\040\000s\000e\000c\000t\000i\000o\000n\000\040\000-\000\040\000p\000r\000i\000n\000c\000i\000p\000a\000l\000\040\000v\000a\000r\000i\000a\000t\000i\000o\000n}{section.4}% 32
\BOOKMARK [2][-]{subsection.4.4}{\376\377\000F\000o\000u\000r\000t\000h\000\040\000s\000e\000c\000t\000i\000o\000n\000\040\000-\000\040\000s\000t\000a\000t\000i\000s\000t\000i\000c\000s\000\040\000a\000n\000d\000\040\000t\000i\000m\000i\000n\000g\000s}{section.4}% 33
\BOOKMARK [1][-]{section.5}{\376\377\000A\000u\000t\000o\000m\000a\000t\000i\000c\000\040\000c\000o\000n\000f\000i\000g\000u\000r\000a\000t\000i\000o\000n}{}% 34
\BOOKMARK [1][-]{section.6}{\376\377\000T\000r\000o\000u\000b\000l\000e\000s\000h\000o\000o\000t\000i\000n\000g}{}% 35
\BOOKMARK [1][-]{section.7}{\376\377\000B\000u\000g\000\040\000r\000e\000p\000o\000r\000t\000i\000n\000g}{}% 36
\BOOKMARK [1][-]{section.8}{\376\377\000C\000o\000m\000m\000a\000n\000d\000\040\000l\000i\000n\000e\000\040\000a\000r\000g\000u\000m\000e\000n\000t\000s}{}% 37
\BOOKMARK [1][-]{section.9}{\376\377\000F\000r\000e\000q\000u\000e\000n\000t\000l\000y\000\040\000a\000s\000k\000e\000d\000\040\000q\000u\000e\000s\000t\000i\000o\000n\000s}{}% 38
\BOOKMARK [2][-]{subsection.9.1}{\376\377\000I\000\040\000s\000e\000t\000\040\000m\000a\000x\000\040\000m\000e\000m\000o\000r\000y\000\040\000t\000o\000\040\000X\000\040\000b\000u\000t\000\040\000A\000l\000p\000h\000a\000G\000o\000m\000o\000k\000u\000\040\000i\000s\000\040\000u\000s\000i\000n\000g\000\040\000m\000u\000c\000h\000\040\000l\000e\000s\000s}{section.9}% 39
\BOOKMARK [2][-]{subsection.9.2}{\376\377\000T\000h\000e\000r\000e\000\040\000i\000s\000\040\000a\000\040\000w\000i\000n\000\040\000i\000n\000\040\000X\000\040\000b\000u\000t\000\040\000A\000l\000p\000h\000a\000G\000o\000m\000o\000k\000u\000\040\000p\000l\000a\000y\000e\000d\000\040\000a\000\040\000l\000o\000n\000g\000e\000r\000\040\000o\000n\000e}{section.9}% 40
